<?xml version="1.0" encoding="UTF-8"?>
<testsuite name="JPA 연결 테스트" tests="4" skipped="0" failures="0" errors="0" timestamp="2024-09-25T01:52:52" hostname="Dongikui-MacBookAir.local" time="0.553">
  <properties/>
  <testcase name="select 테스트" classname="com.ToMist.GraceAcademy.repository.JpaRepositoryTest" time="0.412"/>
  <testcase name="delete 테스트" classname="com.ToMist.GraceAcademy.repository.JpaRepositoryTest" time="0.105"/>
  <testcase name="update 테스트" classname="com.ToMist.GraceAcademy.repository.JpaRepositoryTest" time="0.02"/>
  <testcase name="insert 테스트" classname="com.ToMist.GraceAcademy.repository.JpaRepositoryTest" time="0.012"/>
  <system-out><![CDATA[10:52:51.015 [Test worker] INFO org.springframework.test.context.support.AnnotationConfigContextLoaderUtils -- Could not detect default configuration classes for test class [com.ToMist.GraceAcademy.repository.JpaRepositoryTest]: JpaRepositoryTest does not declare any static, non-private, non-final, nested classes annotated with @Configuration.
10:52:51.076 [Test worker] INFO org.springframework.boot.test.context.SpringBootTestContextBootstrapper -- Found @SpringBootConfiguration com.ToMist.GraceAcademy.GraceAcademyApplication for test class com.ToMist.GraceAcademy.repository.JpaRepositoryTest

  .   ____          _            __ _ _
 /\\ / ___'_ __ _ _(_)_ __  __ _ \ \ \ \
( ( )\___ | '_ | '_| | '_ \/ _` | \ \ \ \
 \\/  ___)| |_)| | | | | || (_| |  ) ) ) )
  '  |____| .__|_| |_|_| |_\__, | / / / /
 =========|_|==============|___/=/_/_/_/

 :: Spring Boot ::                (v3.3.4)

2024-09-25T10:52:51.267+09:00  INFO 18615 --- [    Test worker] c.T.G.repository.JpaRepositoryTest       : Starting JpaRepositoryTest using Java 17.0.7 with PID 18615 (started by dongik in /Users/dongik/Desktop/dongik/Project/GraceAcademy/GraceAcademy)
2024-09-25T10:52:51.268+09:00 DEBUG 18615 --- [    Test worker] c.T.G.repository.JpaRepositoryTest       : Running with Spring Boot v3.3.4, Spring v6.1.13
2024-09-25T10:52:51.268+09:00  INFO 18615 --- [    Test worker] c.T.G.repository.JpaRepositoryTest       : The following 1 profile is active: "testdb"
2024-09-25T10:52:51.412+09:00  INFO 18615 --- [    Test worker] .s.d.r.c.RepositoryConfigurationDelegate : Bootstrapping Spring Data JPA repositories in DEFAULT mode.
2024-09-25T10:52:51.437+09:00  INFO 18615 --- [    Test worker] .s.d.r.c.RepositoryConfigurationDelegate : Finished Spring Data repository scanning in 21 ms. Found 2 JPA repository interfaces.
2024-09-25T10:52:51.463+09:00  INFO 18615 --- [    Test worker] beddedDataSourceBeanFactoryPostProcessor : Replacing 'dataSource' DataSource bean with embedded version
2024-09-25T10:52:51.549+09:00  INFO 18615 --- [    Test worker] o.s.j.d.e.EmbeddedDatabaseFactory        : Starting embedded database: url='jdbc:h2:mem:209a173d-bf42-41be-99d9-9e8aa288cc85;DB_CLOSE_DELAY=-1;DB_CLOSE_ON_EXIT=false', username='sa'
2024-09-25T10:52:51.665+09:00  INFO 18615 --- [    Test worker] o.hibernate.jpa.internal.util.LogHelper  : HHH000204: Processing PersistenceUnitInfo [name: default]
2024-09-25T10:52:51.690+09:00  INFO 18615 --- [    Test worker] org.hibernate.Version                    : HHH000412: Hibernate ORM core version 6.5.3.Final
2024-09-25T10:52:51.705+09:00  INFO 18615 --- [    Test worker] o.h.c.internal.RegionFactoryInitiator    : HHH000026: Second-level cache disabled
2024-09-25T10:52:51.891+09:00  INFO 18615 --- [    Test worker] o.s.o.j.p.SpringPersistenceUnitInfo      : No LoadTimeWeaver setup: ignoring JPA class transformer
2024-09-25T10:52:52.592+09:00  INFO 18615 --- [    Test worker] o.h.e.t.j.p.i.JtaPlatformInitiator       : HHH000489: No JTA platform available (set 'hibernate.transaction.jta.platform' to enable JTA platform integration)
Hibernate: 
    drop table if exists article cascade 
Hibernate: 
    drop table if exists article_comment cascade 
Hibernate: 
    create table article (
        created_at timestamp(6) not null,
        id bigint generated by default as identity,
        modified_at timestamp(6) not null,
        created_by varchar(100) not null,
        modified_by varchar(100) not null,
        content varchar(10000) not null,
        hashtag varchar(255),
        title varchar(255) not null,
        primary key (id)
    )
Hibernate: 
    create table article_comment (
        article_id bigint not null,
        created_at timestamp(6) not null,
        id bigint generated by default as identity,
        modified_at timestamp(6) not null,
        created_by varchar(100) not null,
        modified_by varchar(100) not null,
        content varchar(500) not null,
        primary key (id)
    )
Hibernate: 
    create index IDX571gx7oqo5xpmgocegaidlcu9 
       on article (title)
Hibernate: 
    create index IDXai44fu6vaa28ebpydglnv7t3e 
       on article (hashtag)
Hibernate: 
    create index IDXrmt77yibijtk4sarremr67saa 
       on article (created_at)
Hibernate: 
    create index IDXjl4utii2etiocimt799wvtuvv 
       on article (created_by)
Hibernate: 
    create index IDXpieqqnljv147sefofs56h25qx 
       on article_comment (content)
Hibernate: 
    create index IDXh1jx107qecntcbcpc2vfb07ij 
       on article_comment (created_at)
Hibernate: 
    create index IDXc6pa61djuf2o8xnceyyvtdbaq 
       on article_comment (created_by)
Hibernate: 
    alter table if exists article_comment 
       add constraint FKghmocqkgqs5tkmucf5putw64t 
       foreign key (article_id) 
       references article
2024-09-25T10:52:52.619+09:00  INFO 18615 --- [    Test worker] j.LocalContainerEntityManagerFactoryBean : Initialized JPA EntityManagerFactory for persistence unit 'default'
2024-09-25T10:52:52.863+09:00  INFO 18615 --- [    Test worker] c.T.G.repository.JpaRepositoryTest       : Started JpaRepositoryTest in 1.748 seconds (process running for 2.311)
Hibernate: 
    select
        a1_0.id,
        a1_0.content,
        a1_0.created_at,
        a1_0.created_by,
        a1_0.hashtag,
        a1_0.modified_at,
        a1_0.modified_by,
        a1_0.title 
    from
        article a1_0
Hibernate: 
    select
        a1_0.id,
        a1_0.content,
        a1_0.created_at,
        a1_0.created_by,
        a1_0.hashtag,
        a1_0.modified_at,
        a1_0.modified_by,
        a1_0.title 
    from
        article a1_0 
    where
        a1_0.id=?
Hibernate: 
    select
        count(*) 
    from
        article a1_0
Hibernate: 
    select
        count(*) 
    from
        article_comment ac1_0
Hibernate: 
    select
        ac1_0.article_id,
        ac1_0.id,
        ac1_0.content,
        ac1_0.created_at,
        ac1_0.created_by,
        ac1_0.modified_at,
        ac1_0.modified_by 
    from
        article_comment ac1_0 
    where
        ac1_0.article_id=? 
    order by
        ac1_0.id
Hibernate: 
    delete 
    from
        article_comment 
    where
        id=?
Hibernate: 
    delete 
    from
        article_comment 
    where
        id=?
Hibernate: 
    delete 
    from
        article_comment 
    where
        id=?
Hibernate: 
    delete 
    from
        article 
    where
        id=?
Hibernate: 
    select
        count(*) 
    from
        article a1_0
Hibernate: 
    select
        count(*) 
    from
        article_comment ac1_0
Hibernate: 
    select
        a1_0.id,
        a1_0.content,
        a1_0.created_at,
        a1_0.created_by,
        a1_0.hashtag,
        a1_0.modified_at,
        a1_0.modified_by,
        a1_0.title 
    from
        article a1_0 
    where
        a1_0.id=?
Hibernate: 
    update
        article 
    set
        content=?,
        hashtag=?,
        modified_at=?,
        modified_by=?,
        title=? 
    where
        id=?
Hibernate: 
    select
        count(*) 
    from
        article a1_0
Hibernate: 
    insert 
    into
        article
        (content, created_at, created_by, hashtag, modified_at, modified_by, title, id) 
    values
        (?, ?, ?, ?, ?, ?, ?, default)
Hibernate: 
    select
        count(*) 
    from
        article a1_0
]]></system-out>
  <system-err><![CDATA[]]></system-err>
</testsuite>
